ChildTimes/build/outputs/logs/manifest-merger-debug-report.txt
-- Merging decision tree log ---
manifest
ADDED from ChildTimes\AndroidManifest.xml:2:1-39:12
	package
		ADDED from ChildTimes\AndroidManifest.xml:3:5-36
	android:versionName
		ADDED from ChildTimes\AndroidManifest.xml:5:5-30
		INJECTED from ChildTimes\AndroidManifest.xml
		INJECTED from ChildTimes\AndroidManifest.xml
	android:versionCode
		ADDED from ChildTimes\AndroidManifest.xml:4:5-28
		INJECTED from ChildTimes\AndroidManifest.xml
		INJECTED from ChildTimes\AndroidManifest.xml
	xmlns:android
		ADDED from ChildTimes\AndroidManifest.xml:2:11-69
uses-sdk
ADDED from ChildTimes\AndroidManifest.xml:7:5-9:41
	android:targetSdkVersion
		ADDED from ChildTimes\AndroidManifest.xml:9:9-38
	android:minSdkVersion
		ADDED from ChildTimes\AndroidManifest.xml:8:9-35
application
ADDED from ChildTimes\AndroidManifest.xml:11:5-37:19
	android:label
		ADDED from ChildTimes\AndroidManifest.xml:14:9-41
	android:allowBackup
		ADDED from ChildTimes\AndroidManifest.xml:12:9-35
	android:icon
		ADDED from ChildTimes\AndroidManifest.xml:13:9-45
	android:theme
		ADDED from ChildTimes\AndroidManifest.xml:15:9-40
activity#com.lee.privatecustom.activity.MainActivity
ADDED from ChildTimes\AndroidManifest.xml:18:9-29:20
	android:screenOrientation
		ADDED from ChildTimes\AndroidManifest.xml:22:13-49
	android:label
		ADDED from ChildTimes\AndroidManifest.xml:21:13-45
	android:configChanges
		ADDED from ChildTimes\AndroidManifest.xml:20:13-74
	android:theme
		ADDED from ChildTimes\AndroidManifest.xml:23:13-66
	android:name
		ADDED from ChildTimes\AndroidManifest.xml:19:13-50
intent-filter#android.intent.action.MAIN+android.intent.category.LAUNCHER
ADDED from ChildTimes\AndroidManifest.xml:24:13-28:29
action#android.intent.action.MAIN
ADDED from ChildTimes\AndroidManifest.xml:25:17-69
	android:name
		ADDED from ChildTimes\AndroidManifest.xml:25:25-66
category#android.intent.category.LAUNCHER
ADDED from ChildTimes\AndroidManifest.xml:27:17-77
	android:name
		ADDED from ChildTimes\AndroidManifest.xml:27:27-74
activity#com.lee.privatecustom.activity.FeedBackActivity
ADDED from ChildTimes\AndroidManifest.xml:32:9-36:20
	android:configChanges
		ADDED from ChildTimes\AndroidManifest.xml:34:13-74
	android:theme
		ADDED from ChildTimes\AndroidManifest.xml:35:13-66
	android:name
		ADDED from ChildTimes\AndroidManifest.xml:33:13-54